2018-03-15 at 22:56:10 CST DEBUG org.mybatis.generator.logging.LogFactory 105 setImplementation - Logging initialized using 'org.mybatis.generator.logging.log4j2.Log4j2LoggingLogFactory@64a8c844' adapter.
2018-03-15 at 22:56:10 CST DEBUG org.mybatis.generator.internal.db.DatabaseIntrospector 506 getColumns - Retrieving column information for table "items"
2018-03-15 at 22:56:10 CST DEBUG org.mybatis.generator.internal.db.DatabaseIntrospector 563 getColumns - Found column "id", data type 4, in table "xcl..items"
2018-03-15 at 22:56:10 CST DEBUG org.mybatis.generator.internal.db.DatabaseIntrospector 563 getColumns - Found column "name", data type 12, in table "xcl..items"
2018-03-15 at 22:56:10 CST DEBUG org.mybatis.generator.internal.db.DatabaseIntrospector 563 getColumns - Found column "price", data type 7, in table "xcl..items"
2018-03-15 at 22:56:10 CST DEBUG org.mybatis.generator.internal.db.DatabaseIntrospector 563 getColumns - Found column "detail", data type -1, in table "xcl..items"
2018-03-15 at 22:56:10 CST DEBUG org.mybatis.generator.internal.db.DatabaseIntrospector 563 getColumns - Found column "pic", data type 12, in table "xcl..items"
2018-03-15 at 22:56:10 CST DEBUG org.mybatis.generator.internal.db.DatabaseIntrospector 563 getColumns - Found column "createtime", data type 93, in table "xcl..items"
2018-03-15 at 22:56:10 CST DEBUG org.mybatis.generator.internal.db.DatabaseIntrospector 506 getColumns - Retrieving column information for table "orders"
2018-03-15 at 22:56:10 CST DEBUG org.mybatis.generator.internal.db.DatabaseIntrospector 563 getColumns - Found column "id", data type 4, in table "xcl..orders"
2018-03-15 at 22:56:10 CST DEBUG org.mybatis.generator.internal.db.DatabaseIntrospector 563 getColumns - Found column "user_id", data type 4, in table "xcl..orders"
2018-03-15 at 22:56:10 CST DEBUG org.mybatis.generator.internal.db.DatabaseIntrospector 563 getColumns - Found column "number", data type 12, in table "xcl..orders"
2018-03-15 at 22:56:10 CST DEBUG org.mybatis.generator.internal.db.DatabaseIntrospector 563 getColumns - Found column "createtime", data type 93, in table "xcl..orders"
2018-03-15 at 22:56:10 CST DEBUG org.mybatis.generator.internal.db.DatabaseIntrospector 563 getColumns - Found column "note", data type 12, in table "xcl..orders"
2018-03-15 at 22:56:10 CST DEBUG org.mybatis.generator.internal.db.DatabaseIntrospector 506 getColumns - Retrieving column information for table "orderdetail"
2018-03-15 at 22:56:10 CST DEBUG org.mybatis.generator.internal.db.DatabaseIntrospector 563 getColumns - Found column "id", data type 4, in table "xcl..orderdetail"
2018-03-15 at 22:56:10 CST DEBUG org.mybatis.generator.internal.db.DatabaseIntrospector 563 getColumns - Found column "orders_id", data type 4, in table "xcl..orderdetail"
2018-03-15 at 22:56:10 CST DEBUG org.mybatis.generator.internal.db.DatabaseIntrospector 563 getColumns - Found column "items_id", data type 4, in table "xcl..orderdetail"
2018-03-15 at 22:56:10 CST DEBUG org.mybatis.generator.internal.db.DatabaseIntrospector 563 getColumns - Found column "items_num", data type 4, in table "xcl..orderdetail"
2018-03-15 at 22:56:10 CST DEBUG org.mybatis.generator.internal.db.DatabaseIntrospector 506 getColumns - Retrieving column information for table "user"
2018-03-15 at 22:56:10 CST DEBUG org.mybatis.generator.internal.db.DatabaseIntrospector 563 getColumns - Found column "id", data type 4, in table "xcl..user"
2018-03-15 at 22:56:10 CST DEBUG org.mybatis.generator.internal.db.DatabaseIntrospector 563 getColumns - Found column "username", data type 12, in table "xcl..user"
2018-03-15 at 22:56:10 CST DEBUG org.mybatis.generator.internal.db.DatabaseIntrospector 563 getColumns - Found column "birthday", data type 91, in table "xcl..user"
2018-03-15 at 22:56:10 CST DEBUG org.mybatis.generator.internal.db.DatabaseIntrospector 563 getColumns - Found column "sex", data type 1, in table "xcl..user"
2018-03-15 at 22:56:10 CST DEBUG org.mybatis.generator.internal.db.DatabaseIntrospector 563 getColumns - Found column "address", data type 12, in table "xcl..user"
2018-03-15 at 22:58:55 CST DEBUG org.mybatis.generator.logging.LogFactory 105 setImplementation - Logging initialized using 'org.mybatis.generator.logging.log4j2.Log4j2LoggingLogFactory@64a8c844' adapter.
2018-03-15 at 22:58:55 CST DEBUG org.mybatis.generator.internal.db.DatabaseIntrospector 506 getColumns - Retrieving column information for table "items"
2018-03-15 at 22:58:55 CST DEBUG org.mybatis.generator.internal.db.DatabaseIntrospector 563 getColumns - Found column "id", data type 4, in table "xcl..items"
2018-03-15 at 22:58:55 CST DEBUG org.mybatis.generator.internal.db.DatabaseIntrospector 563 getColumns - Found column "name", data type 12, in table "xcl..items"
2018-03-15 at 22:58:55 CST DEBUG org.mybatis.generator.internal.db.DatabaseIntrospector 563 getColumns - Found column "price", data type 7, in table "xcl..items"
2018-03-15 at 22:58:55 CST DEBUG org.mybatis.generator.internal.db.DatabaseIntrospector 563 getColumns - Found column "detail", data type -1, in table "xcl..items"
2018-03-15 at 22:58:55 CST DEBUG org.mybatis.generator.internal.db.DatabaseIntrospector 563 getColumns - Found column "pic", data type 12, in table "xcl..items"
2018-03-15 at 22:58:55 CST DEBUG org.mybatis.generator.internal.db.DatabaseIntrospector 563 getColumns - Found column "createtime", data type 93, in table "xcl..items"
2018-03-15 at 22:58:55 CST DEBUG org.mybatis.generator.internal.db.DatabaseIntrospector 506 getColumns - Retrieving column information for table "orders"
2018-03-15 at 22:58:55 CST DEBUG org.mybatis.generator.internal.db.DatabaseIntrospector 563 getColumns - Found column "id", data type 4, in table "xcl..orders"
2018-03-15 at 22:58:55 CST DEBUG org.mybatis.generator.internal.db.DatabaseIntrospector 563 getColumns - Found column "user_id", data type 4, in table "xcl..orders"
2018-03-15 at 22:58:55 CST DEBUG org.mybatis.generator.internal.db.DatabaseIntrospector 563 getColumns - Found column "number", data type 12, in table "xcl..orders"
2018-03-15 at 22:58:55 CST DEBUG org.mybatis.generator.internal.db.DatabaseIntrospector 563 getColumns - Found column "createtime", data type 93, in table "xcl..orders"
2018-03-15 at 22:58:55 CST DEBUG org.mybatis.generator.internal.db.DatabaseIntrospector 563 getColumns - Found column "note", data type 12, in table "xcl..orders"
2018-03-15 at 22:58:55 CST DEBUG org.mybatis.generator.internal.db.DatabaseIntrospector 506 getColumns - Retrieving column information for table "orderdetail"
2018-03-15 at 22:58:55 CST DEBUG org.mybatis.generator.internal.db.DatabaseIntrospector 563 getColumns - Found column "id", data type 4, in table "xcl..orderdetail"
2018-03-15 at 22:58:55 CST DEBUG org.mybatis.generator.internal.db.DatabaseIntrospector 563 getColumns - Found column "orders_id", data type 4, in table "xcl..orderdetail"
2018-03-15 at 22:58:55 CST DEBUG org.mybatis.generator.internal.db.DatabaseIntrospector 563 getColumns - Found column "items_id", data type 4, in table "xcl..orderdetail"
2018-03-15 at 22:58:55 CST DEBUG org.mybatis.generator.internal.db.DatabaseIntrospector 563 getColumns - Found column "items_num", data type 4, in table "xcl..orderdetail"
2018-03-15 at 22:58:55 CST DEBUG org.mybatis.generator.internal.db.DatabaseIntrospector 506 getColumns - Retrieving column information for table "user"
2018-03-15 at 22:58:55 CST DEBUG org.mybatis.generator.internal.db.DatabaseIntrospector 563 getColumns - Found column "id", data type 4, in table "xcl..user"
2018-03-15 at 22:58:55 CST DEBUG org.mybatis.generator.internal.db.DatabaseIntrospector 563 getColumns - Found column "username", data type 12, in table "xcl..user"
2018-03-15 at 22:58:55 CST DEBUG org.mybatis.generator.internal.db.DatabaseIntrospector 563 getColumns - Found column "birthday", data type 91, in table "xcl..user"
2018-03-15 at 22:58:55 CST DEBUG org.mybatis.generator.internal.db.DatabaseIntrospector 563 getColumns - Found column "sex", data type 1, in table "xcl..user"
2018-03-15 at 22:58:55 CST DEBUG org.mybatis.generator.internal.db.DatabaseIntrospector 563 getColumns - Found column "address", data type 12, in table "xcl..user"
2018-03-15 at 22:59:50 CST DEBUG org.mybatis.generator.logging.LogFactory 105 setImplementation - Logging initialized using 'org.mybatis.generator.logging.log4j2.Log4j2LoggingLogFactory@64a8c844' adapter.
2018-03-15 at 22:59:50 CST DEBUG org.mybatis.generator.internal.db.DatabaseIntrospector 506 getColumns - Retrieving column information for table "items"
2018-03-15 at 22:59:50 CST DEBUG org.mybatis.generator.internal.db.DatabaseIntrospector 563 getColumns - Found column "id", data type 4, in table "xcl..items"
2018-03-15 at 22:59:50 CST DEBUG org.mybatis.generator.internal.db.DatabaseIntrospector 563 getColumns - Found column "name", data type 12, in table "xcl..items"
2018-03-15 at 22:59:50 CST DEBUG org.mybatis.generator.internal.db.DatabaseIntrospector 563 getColumns - Found column "price", data type 7, in table "xcl..items"
2018-03-15 at 22:59:50 CST DEBUG org.mybatis.generator.internal.db.DatabaseIntrospector 563 getColumns - Found column "detail", data type -1, in table "xcl..items"
2018-03-15 at 22:59:50 CST DEBUG org.mybatis.generator.internal.db.DatabaseIntrospector 563 getColumns - Found column "pic", data type 12, in table "xcl..items"
2018-03-15 at 22:59:50 CST DEBUG org.mybatis.generator.internal.db.DatabaseIntrospector 563 getColumns - Found column "createtime", data type 93, in table "xcl..items"
2018-03-15 at 22:59:50 CST DEBUG org.mybatis.generator.internal.db.DatabaseIntrospector 506 getColumns - Retrieving column information for table "orders"
2018-03-15 at 22:59:50 CST DEBUG org.mybatis.generator.internal.db.DatabaseIntrospector 563 getColumns - Found column "id", data type 4, in table "xcl..orders"
2018-03-15 at 22:59:50 CST DEBUG org.mybatis.generator.internal.db.DatabaseIntrospector 563 getColumns - Found column "user_id", data type 4, in table "xcl..orders"
2018-03-15 at 22:59:50 CST DEBUG org.mybatis.generator.internal.db.DatabaseIntrospector 563 getColumns - Found column "number", data type 12, in table "xcl..orders"
2018-03-15 at 22:59:50 CST DEBUG org.mybatis.generator.internal.db.DatabaseIntrospector 563 getColumns - Found column "createtime", data type 93, in table "xcl..orders"
2018-03-15 at 22:59:50 CST DEBUG org.mybatis.generator.internal.db.DatabaseIntrospector 563 getColumns - Found column "note", data type 12, in table "xcl..orders"
2018-03-15 at 22:59:50 CST DEBUG org.mybatis.generator.internal.db.DatabaseIntrospector 506 getColumns - Retrieving column information for table "orderdetail"
2018-03-15 at 22:59:50 CST DEBUG org.mybatis.generator.internal.db.DatabaseIntrospector 563 getColumns - Found column "id", data type 4, in table "xcl..orderdetail"
2018-03-15 at 22:59:50 CST DEBUG org.mybatis.generator.internal.db.DatabaseIntrospector 563 getColumns - Found column "orders_id", data type 4, in table "xcl..orderdetail"
2018-03-15 at 22:59:50 CST DEBUG org.mybatis.generator.internal.db.DatabaseIntrospector 563 getColumns - Found column "items_id", data type 4, in table "xcl..orderdetail"
2018-03-15 at 22:59:50 CST DEBUG org.mybatis.generator.internal.db.DatabaseIntrospector 563 getColumns - Found column "items_num", data type 4, in table "xcl..orderdetail"
2018-03-15 at 22:59:50 CST DEBUG org.mybatis.generator.internal.db.DatabaseIntrospector 506 getColumns - Retrieving column information for table "user"
2018-03-15 at 22:59:50 CST DEBUG org.mybatis.generator.internal.db.DatabaseIntrospector 563 getColumns - Found column "id", data type 4, in table "xcl..user"
2018-03-15 at 22:59:50 CST DEBUG org.mybatis.generator.internal.db.DatabaseIntrospector 563 getColumns - Found column "username", data type 12, in table "xcl..user"
2018-03-15 at 22:59:50 CST DEBUG org.mybatis.generator.internal.db.DatabaseIntrospector 563 getColumns - Found column "birthday", data type 91, in table "xcl..user"
2018-03-15 at 22:59:50 CST DEBUG org.mybatis.generator.internal.db.DatabaseIntrospector 563 getColumns - Found column "sex", data type 1, in table "xcl..user"
2018-03-15 at 22:59:50 CST DEBUG org.mybatis.generator.internal.db.DatabaseIntrospector 563 getColumns - Found column "address", data type 12, in table "xcl..user"
